$ mvn clean compile spring-boot:run
[INFO] Scanning for projects...
[INFO]
[INFO] ------------------------------------------------------------------------
[INFO] Building tmrnd 0.0.1-SNAPSHOT
[INFO] ------------------------------------------------------------------------
[INFO]
[INFO] --- maven-clean-plugin:3.0.0:clean (default-clean) @ tmrnd ---
[INFO] Deleting /Users/kent/Desktop/tmrnd/target
[INFO]
[INFO] --- maven-resources-plugin:3.0.1:resources (default-resources) @ tmrnd ---
[INFO] Using 'UTF-8' encoding to copy filtered resources.
[INFO] Copying 1 resource
[INFO] Copying 0 resource
[INFO]
[INFO] --- maven-compiler-plugin:3.7.0:compile (default-compile) @ tmrnd ---
[INFO] Changes detected - recompiling the module!
[INFO] Compiling 11 source files to /Users/kent/Desktop/tmrnd/target/classes
[INFO] /Users/kent/Desktop/tmrnd/src/main/java/com/tmrnd/csvloader/CSVLoader.java: /Users/kent/Desktop/tmrnd/src/main/java/com/tmrnd/csvloader/CSVLoader.java uses or overrides a deprecated API.
[INFO] /Users/kent/Desktop/tmrnd/src/main/java/com/tmrnd/csvloader/CSVLoader.java: Recompile with -Xlint:deprecation for details.
[INFO] /Users/kent/Desktop/tmrnd/src/main/java/com/tmrnd/csvloader/CSVLoader.java: /Users/kent/Desktop/tmrnd/src/main/java/com/tmrnd/csvloader/CSVLoader.java uses unchecked or unsafe operations.
[INFO] /Users/kent/Desktop/tmrnd/src/main/java/com/tmrnd/csvloader/CSVLoader.java: Recompile with -Xlint:unchecked for details.
[INFO]
[INFO] >>> spring-boot-maven-plugin:2.0.2.RELEASE:run (default-cli) > test-compile @ tmrnd >>>
[INFO]
[INFO] --- maven-resources-plugin:3.0.1:resources (default-resources) @ tmrnd ---
[INFO] Using 'UTF-8' encoding to copy filtered resources.
[INFO] Copying 1 resource
[INFO] Copying 0 resource
[INFO]
[INFO] --- maven-compiler-plugin:3.7.0:compile (default-compile) @ tmrnd ---
[INFO] Nothing to compile - all classes are up to date
[INFO]
[INFO] --- maven-resources-plugin:3.0.1:testResources (default-testResources) @ tmrnd ---
[INFO] Using 'UTF-8' encoding to copy filtered resources.
[INFO] skip non existing resourceDirectory /Users/kent/Desktop/tmrnd/src/test/resources
[INFO]
[INFO] --- maven-compiler-plugin:3.7.0:testCompile (default-testCompile) @ tmrnd ---
[INFO] Changes detected - recompiling the module!
[INFO] Compiling 1 source file to /Users/kent/Desktop/tmrnd/target/test-classes
[INFO]
[INFO] <<< spring-boot-maven-plugin:2.0.2.RELEASE:run (default-cli) < test-compile @ tmrnd <<<
[INFO]
[INFO]
[INFO] --- spring-boot-maven-plugin:2.0.2.RELEASE:run (default-cli) @ tmrnd ---

  .   ____          _            __ _ _
 /\\ / ___'_ __ _ _(_)_ __  __ _ \ \ \ \
( ( )\___ | '_ | '_| | '_ \/ _` | \ \ \ \
 \\/  ___)| |_)| | | | | || (_| |  ) ) ) )
  '  |____| .__|_| |_|_| |_\__, | / / / /
 =========|_|==============|___/=/_/_/_/
 :: Spring Boot ::        (v2.0.2.RELEASE)

2018-06-05 12:48:02.386  INFO 7443 --- [           main] com.tmrnd.DemoApplication                : Starting DemoApplication on MacBook-Pro.local with PID 7443 (/Users/kent/Desktop/tmrnd/target/classes started by kent in /Users/kent/Desktop/tmrnd)
2018-06-05 12:48:02.391  INFO 7443 --- [           main] com.tmrnd.DemoApplication                : No active profile set, falling back to default profiles: default
2018-06-05 12:48:02.602  INFO 7443 --- [           main] ConfigServletWebServerApplicationContext : Refreshing org.springframework.boot.web.servlet.context.AnnotationConfigServletWebServerApplicationContext@33920107: startup date [Tue Jun 05 12:48:02 MYT 2018]; root of context hierarchy
2018-06-05 12:48:03.754  INFO 7443 --- [           main] trationDelegate$BeanPostProcessorChecker : Bean 'org.springframework.transaction.annotation.ProxyTransactionManagementConfiguration' of type [org.springframework.transaction.annotation.ProxyTransactionManagementConfiguration$$EnhancerBySpringCGLIB$$2c76b67c] is not eligible for getting processed by all BeanPostProcessors (for example: not eligible for auto-proxying)
2018-06-05 12:48:04.175  INFO 7443 --- [           main] o.s.b.w.embedded.tomcat.TomcatWebServer  : Tomcat initialized with port(s): 8080 (http)
2018-06-05 12:48:04.216  INFO 7443 --- [           main] o.apache.catalina.core.StandardService   : Starting service [Tomcat]
2018-06-05 12:48:04.217  INFO 7443 --- [           main] org.apache.catalina.core.StandardEngine  : Starting Servlet Engine: Apache Tomcat/8.5.31
2018-06-05 12:48:04.232  INFO 7443 --- [ost-startStop-1] o.a.catalina.core.AprLifecycleListener   : The APR based Apache Tomcat Native library which allows optimal performance in production environments was not found on the java.library.path: [/Users/kent/Library/Java/Extensions:/Library/Java/Extensions:/Network/Library/Java/Extensions:/System/Library/Java/Extensions:/usr/lib/java:.]
2018-06-05 12:48:04.343  INFO 7443 --- [ost-startStop-1] o.a.c.c.C.[Tomcat].[localhost].[/]       : Initializing Spring embedded WebApplicationContext
2018-06-05 12:48:04.344  INFO 7443 --- [ost-startStop-1] o.s.web.context.ContextLoader            : Root WebApplicationContext: initialization completed in 1745 ms
2018-06-05 12:48:04.509  INFO 7443 --- [ost-startStop-1] o.s.b.w.servlet.ServletRegistrationBean  : Servlet dispatcherServlet mapped to [/]
2018-06-05 12:48:04.514  INFO 7443 --- [ost-startStop-1] o.s.b.w.servlet.FilterRegistrationBean   : Mapping filter: 'characterEncodingFilter' to: [/*]
2018-06-05 12:48:04.515  INFO 7443 --- [ost-startStop-1] o.s.b.w.servlet.FilterRegistrationBean   : Mapping filter: 'hiddenHttpMethodFilter' to: [/*]
2018-06-05 12:48:04.515  INFO 7443 --- [ost-startStop-1] o.s.b.w.servlet.FilterRegistrationBean   : Mapping filter: 'httpPutFormContentFilter' to: [/*]
2018-06-05 12:48:04.515  INFO 7443 --- [ost-startStop-1] o.s.b.w.servlet.FilterRegistrationBean   : Mapping filter: 'requestContextFilter' to: [/*]
2018-06-05 12:48:04.697  INFO 7443 --- [           main] com.zaxxer.hikari.HikariDataSource       : HikariPool-1 - Starting...
2018-06-05 12:48:04.983  INFO 7443 --- [           main] com.zaxxer.hikari.HikariDataSource       : HikariPool-1 - Start completed.
2018-06-05 12:48:05.032  INFO 7443 --- [           main] j.LocalContainerEntityManagerFactoryBean : Building JPA container EntityManagerFactory for persistence unit 'default'
2018-06-05 12:48:05.060  INFO 7443 --- [           main] o.hibernate.jpa.internal.util.LogHelper  : HHH000204: Processing PersistenceUnitInfo [
	name: default
	...]
2018-06-05 12:48:05.171  INFO 7443 --- [           main] org.hibernate.Version                    : HHH000412: Hibernate Core {5.2.17.Final}
2018-06-05 12:48:05.172  INFO 7443 --- [           main] org.hibernate.cfg.Environment            : HHH000206: hibernate.properties not found
2018-06-05 12:48:05.221  INFO 7443 --- [           main] o.hibernate.annotations.common.Version   : HCANN000001: Hibernate Commons Annotations {5.0.1.Final}
2018-06-05 12:48:05.661  INFO 7443 --- [           main] org.hibernate.dialect.Dialect            : HHH000400: Using dialect: org.hibernate.dialect.MySQL5Dialect
2018-06-05 12:48:06.364  INFO 7443 --- [           main] o.h.t.schema.internal.SchemaCreatorImpl  : HHH000476: Executing import script 'org.hibernate.tool.schema.internal.exec.ScriptSourceInputNonExistentImpl@1d2cc3e'
2018-06-05 12:48:06.367  INFO 7443 --- [           main] j.LocalContainerEntityManagerFactoryBean : Initialized JPA EntityManagerFactory for persistence unit 'default'
2018-06-05 12:48:06.871  INFO 7443 --- [           main] .s.a.AnnotationAsyncExecutionInterceptor : No task executor bean found for async processing: no bean of type TaskExecutor and no bean named 'taskExecutor' either
2018-06-05 12:48:06.884  INFO 7443 --- [cTaskExecutor-1] com.tmrnd.csvloader.CSVLoader            : ### Start Processing with Thread id: 22
2018-06-05 12:48:06.884  INFO 7443 --- [cTaskExecutor-2] com.tmrnd.csvloader.CSVLoader            : ### Start Processing with Thread id: 23
2018-06-05 12:48:06.884  INFO 7443 --- [cTaskExecutor-3] com.tmrnd.csvloader.CSVLoader            : ### Start Processing with Thread id: 24
2018-06-05 12:48:06.885  INFO 7443 --- [cTaskExecutor-3] com.tmrnd.csvloader.CSVLoader            : Thread 24 watching path: /Users/kent/Developers/workspace/tmrnd/csv_files, watching file: team_skill.csv
2018-06-05 12:48:06.885  INFO 7443 --- [cTaskExecutor-2] com.tmrnd.csvloader.CSVLoader            : Thread 23 watching path: /Users/kent/Developers/workspace/tmrnd/csv_files, watching file: team.csv
2018-06-05 12:48:06.885  INFO 7443 --- [cTaskExecutor-1] com.tmrnd.csvloader.CSVLoader            : Thread 22 watching path: /Users/kent/Developers/workspace/tmrnd/csv_files, watching file: task.csv
2018-06-05 12:48:06.981  INFO 7443 --- [           main] o.s.w.s.handler.SimpleUrlHandlerMapping  : Mapped URL path [/**/favicon.ico] onto handler of type [class org.springframework.web.servlet.resource.ResourceHttpRequestHandler]
2018-06-05 12:48:07.284  INFO 7443 --- [           main] s.w.s.m.m.a.RequestMappingHandlerAdapter : Looking for @ControllerAdvice: org.springframework.boot.web.servlet.context.AnnotationConfigServletWebServerApplicationContext@33920107: startup date [Tue Jun 05 12:48:02 MYT 2018]; root of context hierarchy
2018-06-05 12:48:07.348  WARN 7443 --- [           main] aWebConfiguration$JpaWebMvcConfiguration : spring.jpa.open-in-view is enabled by default. Therefore, database queries may be performed during view rendering. Explicitly configure spring.jpa.open-in-view to disable this warning
2018-06-05 12:48:07.394  INFO 7443 --- [           main] s.w.s.m.m.a.RequestMappingHandlerMapping : Mapped "{[/],methods=[GET]}" onto public java.lang.String com.tmrnd.DemoApplication.get()
2018-06-05 12:48:07.396  INFO 7443 --- [           main] s.w.s.m.m.a.RequestMappingHandlerMapping : Mapped "{[/assign-tasks],methods=[POST]}" onto public com.tmrnd.entities.AssignmentResult com.tmrnd.DemoApplication.assignTasks(com.tmrnd.entities.AssignmentResult)
2018-06-05 12:48:07.403  INFO 7443 --- [           main] s.w.s.m.m.a.RequestMappingHandlerMapping : Mapped "{[/error]}" onto public org.springframework.http.ResponseEntity<java.util.Map<java.lang.String, java.lang.Object>> org.springframework.boot.autoconfigure.web.servlet.error.BasicErrorController.error(javax.servlet.http.HttpServletRequest)
2018-06-05 12:48:07.404  INFO 7443 --- [           main] s.w.s.m.m.a.RequestMappingHandlerMapping : Mapped "{[/error],produces=[text/html]}" onto public org.springframework.web.servlet.ModelAndView org.springframework.boot.autoconfigure.web.servlet.error.BasicErrorController.errorHtml(javax.servlet.http.HttpServletRequest,javax.servlet.http.HttpServletResponse)
2018-06-05 12:48:07.453  INFO 7443 --- [           main] o.s.w.s.handler.SimpleUrlHandlerMapping  : Mapped URL path [/webjars/**] onto handler of type [class org.springframework.web.servlet.resource.ResourceHttpRequestHandler]
2018-06-05 12:48:07.454  INFO 7443 --- [           main] o.s.w.s.handler.SimpleUrlHandlerMapping  : Mapped URL path [/**] onto handler of type [class org.springframework.web.servlet.resource.ResourceHttpRequestHandler]
2018-06-05 12:48:07.779  INFO 7443 --- [           main] o.s.j.e.a.AnnotationMBeanExporter        : Registering beans for JMX exposure on startup
2018-06-05 12:48:07.781  INFO 7443 --- [           main] o.s.j.e.a.AnnotationMBeanExporter        : Bean with name 'dataSource' has been autodetected for JMX exposure
2018-06-05 12:48:07.788  INFO 7443 --- [           main] o.s.j.e.a.AnnotationMBeanExporter        : Located MBean 'dataSource': registering with JMX server as MBean [com.zaxxer.hikari:name=dataSource,type=HikariDataSource]
2018-06-05 12:48:07.840  INFO 7443 --- [           main] o.s.b.w.embedded.tomcat.TomcatWebServer  : Tomcat started on port(s): 8080 (http) with context path ''
2018-06-05 12:48:07.845  INFO 7443 --- [           main] com.tmrnd.DemoApplication                : Started DemoApplication in 5.805 seconds (JVM running for 10.705)





2018-06-05 12:48:16.901  INFO 7443 --- [cTaskExecutor-2] com.tmrnd.csvloader.CSVLoader            : Thread 23 detected new file: team.csv
2018-06-05 12:48:16.901  INFO 7443 --- [cTaskExecutor-2] com.tmrnd.csvloader.CSVLoader            : ### Retrieving: /Users/kent/Developers/workspace/tmrnd/csv_files/team.csv
2018-06-05 12:48:16.976  INFO 7443 --- [cTaskExecutor-2] com.tmrnd.csvloader.CSVLoader            : ### Saving Team to Database
2018-06-05 12:48:17.003  INFO 7443 --- [cTaskExecutor-2] o.h.h.i.QueryTranslatorFactoryInitiator  : HHH000397: Using ASTQueryTranslatorFactory
2018-06-05 12:48:17.247  INFO 7443 --- [cTaskExecutor-2] com.tmrnd.csvloader.CSVLoader            : ### Deleting: /Users/kent/Developers/workspace/tmrnd/csv_files/team.csv
2018-06-05 12:48:17.247  INFO 7443 --- [cTaskExecutor-2] com.tmrnd.csvloader.CSVLoader            : ### Assigning Task
2018-06-05 12:48:17.272  INFO 7443 --- [cTaskExecutor-2] com.tmrnd.csvloader.CSVLoader            : ### Completed: team.csv



2018-06-05 12:48:26.902  INFO 7443 --- [cTaskExecutor-3] com.tmrnd.csvloader.CSVLoader            : Thread 24 detected new file: team_skill.csv
2018-06-05 12:48:26.903  INFO 7443 --- [cTaskExecutor-3] com.tmrnd.csvloader.CSVLoader            : ### Retrieving: /Users/kent/Developers/workspace/tmrnd/csv_files/team_skill.csv
2018-06-05 12:48:26.912  INFO 7443 --- [cTaskExecutor-3] com.tmrnd.csvloader.CSVLoader            : ### Saving Team Skill to Database
2018-06-05 12:48:26.931  INFO 7443 --- [cTaskExecutor-3] com.tmrnd.csvloader.CSVLoader            : ### Deleting: /Users/kent/Developers/workspace/tmrnd/csv_files/team_skill.csv
2018-06-05 12:48:26.931  INFO 7443 --- [cTaskExecutor-3] com.tmrnd.csvloader.CSVLoader            : ### Assigning Task
2018-06-05 12:48:26.934  INFO 7443 --- [cTaskExecutor-3] com.tmrnd.csvloader.CSVLoader            : ### Completed: team_skill.csv



2018-06-05 12:48:36.900  INFO 7443 --- [cTaskExecutor-1] com.tmrnd.csvloader.CSVLoader            : Thread 22 detected new file: task.csv
2018-06-05 12:48:36.900  INFO 7443 --- [cTaskExecutor-1] com.tmrnd.csvloader.CSVLoader            : ### Retrieving: /Users/kent/Developers/workspace/tmrnd/csv_files/task.csv
2018-06-05 12:48:36.904  INFO 7443 --- [cTaskExecutor-1] com.tmrnd.csvloader.CSVLoader            : ### Saving Task to Database
2018-06-05 12:48:37.002  INFO 7443 --- [cTaskExecutor-1] com.tmrnd.csvloader.CSVLoader            : ### Deleting: /Users/kent/Developers/workspace/tmrnd/csv_files/task.csv
2018-06-05 12:48:37.002  INFO 7443 --- [cTaskExecutor-1] com.tmrnd.csvloader.CSVLoader            : ### Assigning Task
2018-06-05 12:48:37.004  INFO 7443 --- [cTaskExecutor-1] com.tmrnd.csvloader.CSVLoader            : ### Completed: task.csv


2018-06-05 12:49:04.401  INFO 7443 --- [nio-8080-exec-1] o.a.c.c.C.[Tomcat].[localhost].[/]       : Initializing Spring FrameworkServlet 'dispatcherServlet'
2018-06-05 12:49:04.402  INFO 7443 --- [nio-8080-exec-1] o.s.web.servlet.DispatcherServlet        : FrameworkServlet 'dispatcherServlet': initialization started
2018-06-05 12:49:04.440  INFO 7443 --- [nio-8080-exec-1] o.s.web.servlet.DispatcherServlet        : FrameworkServlet 'dispatcherServlet': initialization completed in 38 ms
2018-06-05 12:49:04.547  INFO 7443 --- [nio-8080-exec-1] ication$$EnhancerBySpringCGLIB$$44decc42 : ### Execute assignTasks com.tmrnd.entities.AssignmentResult@23dbbf3c